x0             0x1                 1
x1             0xfffffffff6a8      281474976708264
x2             0xfffffffff6b8      281474976708280
x3             0xaaaaaaaa1f44      187649984438084
x4             0x0                 0
x5             0xda98a009d21b25cc  -2695228412941097524
x6             0x0                 0
x7             0xfffffffff3e8      281474976707560
x8             0xfffff7e93e30      281474841001520
x9             0xfffff7f68198      281474841870744
x10            0x0                 0
x11            0x0                 0
x12            0xfffff7bb6228      281474837996072
x13            0x0                 0
x14            0xfffff7f68118      281474841870616
x15            0xfffff7f680f8      281474841870584
x16            0x0                 0
x17            0x9f                159
x18            0x19                25
x19            0xaaaaaaaaeda0      187649984490912
x20            0x0                 0
x21            0xaaaaaaaa1e30      187649984437808
x22            0x0                 0
x23            0x0                 0
x24            0x0                 0
x25            0x0                 0
x26            0x0                 0
x27            0x0                 0
x28            0x0                 0
x29            0xfffffffff550      281474976707920
x30            0xfffff7bd3218      281474838114840
sp             0xfffffffff550      0xfffffffff550
pc             0xaaaaaaaa1f50      0xaaaaaaaa1f50 <main+12>
cpsr           0x60200000          [ EL=0 SS C Z ]
fpsr           0x0                 0
fpcr           0x0                 0
=> 0xaaaaaaaa1f50 <main+12>:	mul	x17, x17, x18
x0             0x1                 1
x1             0xfffffffff6a8      281474976708264
x2             0xfffffffff6b8      281474976708280
x3             0xaaaaaaaa1f44      187649984438084
x4             0x0                 0
x5             0xda98a009d21b25cc  -2695228412941097524
x6             0x0                 0
x7             0xfffffffff3e8      281474976707560
x8             0xfffff7e93e30      281474841001520
x9             0xfffff7f68198      281474841870744
x10            0x0                 0
x11            0x0                 0
x12            0xfffff7bb6228      281474837996072
x13            0x0                 0
x14            0xfffff7f68118      281474841870616
x15            0xfffff7f680f8      281474841870584
x16            0x0                 0
x17            0xf87               3975
x18            0x19                25
x19            0xaaaaaaaaeda0      187649984490912
x20            0x0                 0
x21            0xaaaaaaaa1e30      187649984437808
x22            0x0                 0
x23            0x0                 0
x24            0x0                 0
x25            0x0                 0
x26            0x0                 0
x27            0x0                 0
x28            0x0                 0
x29            0xfffffffff550      281474976707920
x30            0xfffff7bd3218      281474838114840
sp             0xfffffffff550      0xfffffffff550
pc             0xaaaaaaaa1f54      0xaaaaaaaa1f54 <main+16>
cpsr           0x60200000          [ EL=0 SS C Z ]
fpsr           0x0                 0
fpcr           0x0                 0
-----------------------------------------------------
=> 0xaaaaaaaa1f54 <main+16>:	add	x17, x17, #0x1c
x0             0x1                 1
x1             0xfffffffff6a8      281474976708264
x2             0xfffffffff6b8      281474976708280
x3             0xaaaaaaaa1f44      187649984438084
x4             0x0                 0
x5             0xda98a009d21b25cc  -2695228412941097524
x6             0x0                 0
x7             0xfffffffff3e8      281474976707560
x8             0xfffff7e93e30      281474841001520
x9             0xfffff7f68198      281474841870744
x10            0x0                 0
x11            0x0                 0
x12            0xfffff7bb6228      281474837996072
x13            0x0                 0
x14            0xfffff7f68118      281474841870616
x15            0xfffff7f680f8      281474841870584
x16            0x0                 0
x17            0xfa3               4003
x18            0x19                25
x19            0xaaaaaaaaeda0      187649984490912
x20            0x0                 0
x21            0xaaaaaaaa1e30      187649984437808
x22            0x0                 0
x23            0x0                 0
x24            0x0                 0
x25            0x0                 0
x26            0x0                 0
x27            0x0                 0
x28            0x0                 0
x29            0xfffffffff550      281474976707920
x30            0xfffff7bd3218      281474838114840
sp             0xfffffffff550      0xfffffffff550
pc             0xaaaaaaaa1f58      0xaaaaaaaa1f58 <main+20>
cpsr           0x60200000          [ EL=0 SS C Z ]
fpsr           0x0                 0
fpcr           0x0                 0
