x0=0x00000000 x1=0x00000000 x2=0x2aaaab2aac20 x3=0x00000000 x4=0x00000000 x5=0x00000000 x6=0x00000000 x7=0x00000000 x8=0x00000000 x9=0x00000000 x10=0x00000000 x11=0x00000000 x12=0x00000000 x13=0x00000000 x14=0x00000000 x15=0x00000000 x16=0x00000000 x17=0x00000000 x18=0x00000000 x19=0x00000000 x20=0x00000000 x21=0x00000000 x22=0x00000000 x23=0x00000000 x24=0x00000000 x25=0x00000000 x26=0x00000000 x27=0x00000000 x28=0x00000000 x29=0x00000000 x30=0x00000000 x31=0x00000000 
0x101de: sd	x1,56(x2)
x0=0x00000000 x1=0x00000000 x2=0x2aaaab2aac20 x3=0x00000000 x4=0x00000000 x5=0x00000000 x6=0x00000000 x7=0x00000000 x8=0x00000000 x9=0x00000000 x10=0x00000000 x11=0x00000000 x12=0x00000000 x13=0x00000000 x14=0x00000000 x15=0x00000000 x16=0x00000000 x17=0x00000000 x18=0x00000000 x19=0x00000000 x20=0x00000000 x21=0x00000000 x22=0x00000000 x23=0x00000000 x24=0x00000000 x25=0x00000000 x26=0x00000000 x27=0x00000000 x28=0x00000000 x29=0x00000000 x30=0x00000000 x31=0x00000000 
0x101e0: sd	x8,48(x2)
x0=0x00000000 x1=0x00000000 x2=0x2aaaab2aac20 x3=0x00000000 x4=0x00000000 x5=0x00000000 x6=0x00000000 x7=0x00000000 x8=0x00000000 x9=0x00000000 x10=0x00000000 x11=0x00000000 x12=0x00000000 x13=0x00000000 x14=0x00000000 x15=0x00000000 x16=0x00000000 x17=0x00000000 x18=0x00000000 x19=0x00000000 x20=0x00000000 x21=0x00000000 x22=0x00000000 x23=0x00000000 x24=0x00000000 x25=0x00000000 x26=0x00000000 x27=0x00000000 x28=0x00000000 x29=0x00000000 x30=0x00000000 x31=0x00000000 
0x101e2: addi	x8,x2,64
x0=0x00000000 x1=0x00000000 x2=0x2aaaab2aac20 x3=0x00000000 x4=0x00000000 x5=0x00000000 x6=0x00000000 x7=0x00000000 x8=0x2aaaab2aac60 x9=0x00000000 x10=0x00000000 x11=0x00000000 x12=0x00000000 x13=0x00000000 x14=0x00000000 x15=0x00000000 x16=0x00000000 x17=0x00000000 x18=0x00000000 x19=0x00000000 x20=0x00000000 x21=0x00000000 x22=0x00000000 x23=0x00000000 x24=0x00000000 x25=0x00000000 x26=0x00000000 x27=0x00000000 x28=0x00000000 x29=0x00000000 x30=0x00000000 x31=0x00000000 
0x101e4: li	x15,3
x0=0x00000000 x1=0x00000000 x2=0x2aaaab2aac20 x3=0x00000000 x4=0x00000000 x5=0x00000000 x6=0x00000000 x7=0x00000000 x8=0x2aaaab2aac60 x9=0x00000000 x10=0x00000000 x11=0x00000000 x12=0x00000000 x13=0x00000000 x14=0x00000000 x15=0x00000003 x16=0x00000000 x17=0x00000000 x18=0x00000000 x19=0x00000000 x20=0x00000000 x21=0x00000000 x22=0x00000000 x23=0x00000000 x24=0x00000000 x25=0x00000000 x26=0x00000000 x27=0x00000000 x28=0x00000000 x29=0x00000000 x30=0x00000000 x31=0x00000000 
0x101e6: sw	x15,-20(x8)
x0=0x00000000 x1=0x00000000 x2=0x2aaaab2aac20 x3=0x00000000 x4=0x00000000 x5=0x00000000 x6=0x00000000 x7=0x00000000 x8=0x2aaaab2aac60 x9=0x00000000 x10=0x00000000 x11=0x00000000 x12=0x00000000 x13=0x00000000 x14=0x00000000 x15=0x00000003 x16=0x00000000 x17=0x00000000 x18=0x00000000 x19=0x00000000 x20=0x00000000 x21=0x00000000 x22=0x00000000 x23=0x00000000 x24=0x00000000 x25=0x00000000 x26=0x00000000 x27=0x00000000 x28=0x00000000 x29=0x00000000 x30=0x00000000 x31=0x00000000 
0x101ea: li	x15,4
x0=0x00000000 x1=0x00000000 x2=0x2aaaab2aac20 x3=0x00000000 x4=0x00000000 x5=0x00000000 x6=0x00000000 x7=0x00000000 x8=0x2aaaab2aac60 x9=0x00000000 x10=0x00000000 x11=0x00000000 x12=0x00000000 x13=0x00000000 x14=0x00000000 x15=0x00000004 x16=0x00000000 x17=0x00000000 x18=0x00000000 x19=0x00000000 x20=0x00000000 x21=0x00000000 x22=0x00000000 x23=0x00000000 x24=0x00000000 x25=0x00000000 x26=0x00000000 x27=0x00000000 x28=0x00000000 x29=0x00000000 x30=0x00000000 x31=0x00000000 
0x101ec: sw	x15,-24(x8)
x0=0x00000000 x1=0x00000000 x2=0x2aaaab2aac20 x3=0x00000000 x4=0x00000000 x5=0x00000000 x6=0x00000000 x7=0x00000000 x8=0x2aaaab2aac60 x9=0x00000000 x10=0x00000000 x11=0x00000000 x12=0x00000000 x13=0x00000000 x14=0x00000000 x15=0x00000004 x16=0x00000000 x17=0x00000000 x18=0x00000000 x19=0x00000000 x20=0x00000000 x21=0x00000000 x22=0x00000000 x23=0x00000000 x24=0x00000000 x25=0x00000000 x26=0x00000000 x27=0x00000000 x28=0x00000000 x29=0x00000000 x30=0x00000000 x31=0x00000000 
0x101f0: lw	x15,-20(x8)
x0=0x00000000 x1=0x00000000 x2=0x2aaaab2aac20 x3=0x00000000 x4=0x00000000 x5=0x00000000 x6=0x00000000 x7=0x00000000 x8=0x2aaaab2aac60 x9=0x00000000 x10=0x00000000 x11=0x00000000 x12=0x00000000 x13=0x00000000 x14=0x00000000 x15=0x00000003 x16=0x00000000 x17=0x00000000 x18=0x00000000 x19=0x00000000 x20=0x00000000 x21=0x00000000 x22=0x00000000 x23=0x00000000 x24=0x00000000 x25=0x00000000 x26=0x00000000 x27=0x00000000 x28=0x00000000 x29=0x00000000 x30=0x00000000 x31=0x00000000 
0x101f4: sext.w	x14,a5
x0=0x00000000 x1=0x00000000 x2=0x2aaaab2aac20 x3=0x00000000 x4=0x00000000 x5=0x00000000 x6=0x00000000 x7=0x00000000 x8=0x2aaaab2aac60 x9=0x00000000 x10=0x00000000 x11=0x00000000 x12=0x00000000 x13=0x00000000 x14=0x00000003 x15=0x00000003 x16=0x00000000 x17=0x00000000 x18=0x00000000 x19=0x00000000 x20=0x00000000 x21=0x00000000 x22=0x00000000 x23=0x00000000 x24=0x00000000 x25=0x00000000 x26=0x00000000 x27=0x00000000 x28=0x00000000 x29=0x00000000 x30=0x00000000 x31=0x00000000 
0x101f8: lw	x15,-24(x8)
x0=0x00000000 x1=0x00000000 x2=0x2aaaab2aac20 x3=0x00000000 x4=0x00000000 x5=0x00000000 x6=0x00000000 x7=0x00000000 x8=0x2aaaab2aac60 x9=0x00000000 x10=0x00000000 x11=0x00000000 x12=0x00000000 x13=0x00000000 x14=0x00000003 x15=0x00000004 x16=0x00000000 x17=0x00000000 x18=0x00000000 x19=0x00000000 x20=0x00000000 x21=0x00000000 x22=0x00000000 x23=0x00000000 x24=0x00000000 x25=0x00000000 x26=0x00000000 x27=0x00000000 x28=0x00000000 x29=0x00000000 x30=0x00000000 x31=0x00000000 
0x101fc: sext.w	x15,a5
x0=0x00000000 x1=0x00000000 x2=0x2aaaab2aac20 x3=0x00000000 x4=0x00000000 x5=0x00000000 x6=0x00000000 x7=0x00000000 x8=0x2aaaab2aac60 x9=0x00000000 x10=0x00000000 x11=0x00000000 x12=0x00000000 x13=0x00000000 x14=0x00000003 x15=0x00000004 x16=0x00000000 x17=0x00000000 x18=0x00000000 x19=0x00000000 x20=0x00000000 x21=0x00000000 x22=0x00000000 x23=0x00000000 x24=0x00000000 x25=0x00000000 x26=0x00000000 x27=0x00000000 x28=0x00000000 x29=0x00000000 x30=0x00000000 x31=0x00000000 
0x101fe: addw	x15,x15,a4
x0=0x00000000 x1=0x00000000 x2=0x2aaaab2aac20 x3=0x00000000 x4=0x00000000 x5=0x00000000 x6=0x00000000 x7=0x00000000 x8=0x2aaaab2aac60 x9=0x00000000 x10=0x00000000 x11=0x00000000 x12=0x00000000 x13=0x00000000 x14=0x00000003 x15=0x00000007 x16=0x00000000 x17=0x00000000 x18=0x00000000 x19=0x00000000 x20=0x00000000 x21=0x00000000 x22=0x00000000 x23=0x00000000 x24=0x00000000 x25=0x00000000 x26=0x00000000 x27=0x00000000 x28=0x00000000 x29=0x00000000 x30=0x00000000 x31=0x00000000 
0x10200: sext.w	x15,a5
x0=0x00000000 x1=0x00000000 x2=0x2aaaab2aac20 x3=0x00000000 x4=0x00000000 x5=0x00000000 x6=0x00000000 x7=0x00000000 x8=0x2aaaab2aac60 x9=0x00000000 x10=0x00000000 x11=0x00000000 x12=0x00000000 x13=0x00000000 x14=0x00000003 x15=0x00000007 x16=0x00000000 x17=0x00000000 x18=0x00000000 x19=0x00000000 x20=0x00000000 x21=0x00000000 x22=0x00000000 x23=0x00000000 x24=0x00000000 x25=0x00000000 x26=0x00000000 x27=0x00000000 x28=0x00000000 x29=0x00000000 x30=0x00000000 x31=0x00000000 
0x10202: sw	x15,-28(x8)
x0=0x00000000 x1=0x00000000 x2=0x2aaaab2aac20 x3=0x00000000 x4=0x00000000 x5=0x00000000 x6=0x00000000 x7=0x00000000 x8=0x2aaaab2aac60 x9=0x00000000 x10=0x00000000 x11=0x00000000 x12=0x00000000 x13=0x00000000 x14=0x00000003 x15=0x00000007 x16=0x00000000 x17=0x00000000 x18=0x00000000 x19=0x00000000 x20=0x00000000 x21=0x00000000 x22=0x00000000 x23=0x00000000 x24=0x00000000 x25=0x00000000 x26=0x00000000 x27=0x00000000 x28=0x00000000 x29=0x00000000 x30=0x00000000 x31=0x00000000 
0x10206: lw	x15,-28(x8)
x0=0x00000000 x1=0x00000000 x2=0x2aaaab2aac20 x3=0x00000000 x4=0x00000000 x5=0x00000000 x6=0x00000000 x7=0x00000000 x8=0x2aaaab2aac60 x9=0x00000000 x10=0x00000000 x11=0x00000000 x12=0x00000000 x13=0x00000000 x14=0x00000003 x15=0x00000007 x16=0x00000000 x17=0x00000000 x18=0x00000000 x19=0x00000000 x20=0x00000000 x21=0x00000000 x22=0x00000000 x23=0x00000000 x24=0x00000000 x25=0x00000000 x26=0x00000000 x27=0x00000000 x28=0x00000000 x29=0x00000000 x30=0x00000000 x31=0x00000000 
0x1020a: sext.w	x14,a5
x0=0x00000000 x1=0x00000000 x2=0x2aaaab2aac20 x3=0x00000000 x4=0x00000000 x5=0x00000000 x6=0x00000000 x7=0x00000000 x8=0x2aaaab2aac60 x9=0x00000000 x10=0x00000000 x11=0x00000000 x12=0x00000000 x13=0x00000000 x14=0x00000007 x15=0x00000007 x16=0x00000000 x17=0x00000000 x18=0x00000000 x19=0x00000000 x20=0x00000000 x21=0x00000000 x22=0x00000000 x23=0x00000000 x24=0x00000000 x25=0x00000000 x26=0x00000000 x27=0x00000000 x28=0x00000000 x29=0x00000000 x30=0x00000000 x31=0x00000000 
0x1020e: lw	x15,-20(x8)
x0=0x00000000 x1=0x00000000 x2=0x2aaaab2aac20 x3=0x00000000 x4=0x00000000 x5=0x00000000 x6=0x00000000 x7=0x00000000 x8=0x2aaaab2aac60 x9=0x00000000 x10=0x00000000 x11=0x00000000 x12=0x00000000 x13=0x00000000 x14=0x00000007 x15=0x00000003 x16=0x00000000 x17=0x00000000 x18=0x00000000 x19=0x00000000 x20=0x00000000 x21=0x00000000 x22=0x00000000 x23=0x00000000 x24=0x00000000 x25=0x00000000 x26=0x00000000 x27=0x00000000 x28=0x00000000 x29=0x00000000 x30=0x00000000 x31=0x00000000 
0x10212: sext.w	x15,a5
x0=0x00000000 x1=0x00000000 x2=0x2aaaab2aac20 x3=0x00000000 x4=0x00000000 x5=0x00000000 x6=0x00000000 x7=0x00000000 x8=0x2aaaab2aac60 x9=0x00000000 x10=0x00000000 x11=0x00000000 x12=0x00000000 x13=0x00000000 x14=0x00000007 x15=0x00000003 x16=0x00000000 x17=0x00000000 x18=0x00000000 x19=0x00000000 x20=0x00000000 x21=0x00000000 x22=0x00000000 x23=0x00000000 x24=0x00000000 x25=0x00000000 x26=0x00000000 x27=0x00000000 x28=0x00000000 x29=0x00000000 x30=0x00000000 x31=0x00000000 
0x10214: subw	x15,x14,a5
x0=0x00000000 x1=0x00000000 x2=0x2aaaab2aac20 x3=0x00000000 x4=0x00000000 x5=0x00000000 x6=0x00000000 x7=0x00000000 x8=0x2aaaab2aac60 x9=0x00000000 x10=0x00000000 x11=0x00000000 x12=0x00000000 x13=0x00000000 x14=0x00000007 x15=0x00000004 x16=0x00000000 x17=0x00000000 x18=0x00000000 x19=0x00000000 x20=0x00000000 x21=0x00000000 x22=0x00000000 x23=0x00000000 x24=0x00000000 x25=0x00000000 x26=0x00000000 x27=0x00000000 x28=0x00000000 x29=0x00000000 x30=0x00000000 x31=0x00000000 
0x10218: sext.w	x15,a5
x0=0x00000000 x1=0x00000000 x2=0x2aaaab2aac20 x3=0x00000000 x4=0x00000000 x5=0x00000000 x6=0x00000000 x7=0x00000000 x8=0x2aaaab2aac60 x9=0x00000000 x10=0x00000000 x11=0x00000000 x12=0x00000000 x13=0x00000000 x14=0x00000007 x15=0x00000004 x16=0x00000000 x17=0x00000000 x18=0x00000000 x19=0x00000000 x20=0x00000000 x21=0x00000000 x22=0x00000000 x23=0x00000000 x24=0x00000000 x25=0x00000000 x26=0x00000000 x27=0x00000000 x28=0x00000000 x29=0x00000000 x30=0x00000000 x31=0x00000000 
0x1021a: sw	x15,-32(x8)
x0=0x00000000 x1=0x00000000 x2=0x2aaaab2aac20 x3=0x00000000 x4=0x00000000 x5=0x00000000 x6=0x00000000 x7=0x00000000 x8=0x2aaaab2aac60 x9=0x00000000 x10=0x00000000 x11=0x00000000 x12=0x00000000 x13=0x00000000 x14=0x00000007 x15=0x00000004 x16=0x00000000 x17=0x00000000 x18=0x00000000 x19=0x00000000 x20=0x00000000 x21=0x00000000 x22=0x00000000 x23=0x00000000 x24=0x00000000 x25=0x00000000 x26=0x00000000 x27=0x00000000 x28=0x00000000 x29=0x00000000 x30=0x00000000 x31=0x00000000 
0x1021e: lw	x15,-28(x8)
x0=0x00000000 x1=0x00000000 x2=0x2aaaab2aac20 x3=0x00000000 x4=0x00000000 x5=0x00000000 x6=0x00000000 x7=0x00000000 x8=0x2aaaab2aac60 x9=0x00000000 x10=0x00000000 x11=0x00000000 x12=0x00000000 x13=0x00000000 x14=0x00000007 x15=0x00000007 x16=0x00000000 x17=0x00000000 x18=0x00000000 x19=0x00000000 x20=0x00000000 x21=0x00000000 x22=0x00000000 x23=0x00000000 x24=0x00000000 x25=0x00000000 x26=0x00000000 x27=0x00000000 x28=0x00000000 x29=0x00000000 x30=0x00000000 x31=0x00000000 
0x10222: sext.w	x15,a5
x0=0x00000000 x1=0x00000000 x2=0x2aaaab2aac20 x3=0x00000000 x4=0x00000000 x5=0x00000000 x6=0x00000000 x7=0x00000000 x8=0x2aaaab2aac60 x9=0x00000000 x10=0x00000000 x11=0x00000000 x12=0x00000000 x13=0x00000000 x14=0x00000007 x15=0x00000007 x16=0x00000000 x17=0x00000000 x18=0x00000000 x19=0x00000000 x20=0x00000000 x21=0x00000000 x22=0x00000000 x23=0x00000000 x24=0x00000000 x25=0x00000000 x26=0x00000000 x27=0x00000000 x28=0x00000000 x29=0x00000000 x30=0x00000000 x31=0x00000000 
0x10224: slliw	x15,x15,0x1
x0=0x00000000 x1=0x00000000 x2=0x2aaaab2aac20 x3=0x00000000 x4=0x00000000 x5=0x00000000 x6=0x00000000 x7=0x00000000 x8=0x2aaaab2aac60 x9=0x00000000 x10=0x00000000 x11=0x00000000 x12=0x00000000 x13=0x00000000 x14=0x00000007 x15=0x0000000e x16=0x00000000 x17=0x00000000 x18=0x00000000 x19=0x00000000 x20=0x00000000 x21=0x00000000 x22=0x00000000 x23=0x00000000 x24=0x00000000 x25=0x00000000 x26=0x00000000 x27=0x00000000 x28=0x00000000 x29=0x00000000 x30=0x00000000 x31=0x00000000 
0x10228: sext.w	x15,a5
x0=0x00000000 x1=0x00000000 x2=0x2aaaab2aac20 x3=0x00000000 x4=0x00000000 x5=0x00000000 x6=0x00000000 x7=0x00000000 x8=0x2aaaab2aac60 x9=0x00000000 x10=0x00000000 x11=0x00000000 x12=0x00000000 x13=0x00000000 x14=0x00000007 x15=0x0000000e x16=0x00000000 x17=0x00000000 x18=0x00000000 x19=0x00000000 x20=0x00000000 x21=0x00000000 x22=0x00000000 x23=0x00000000 x24=0x00000000 x25=0x00000000 x26=0x00000000 x27=0x00000000 x28=0x00000000 x29=0x00000000 x30=0x00000000 x31=0x00000000 
0x1022a: sw	x15,-36(x8)
x0=0x00000000 x1=0x00000000 x2=0x2aaaab2aac20 x3=0x00000000 x4=0x00000000 x5=0x00000000 x6=0x00000000 x7=0x00000000 x8=0x2aaaab2aac60 x9=0x00000000 x10=0x00000000 x11=0x00000000 x12=0x00000000 x13=0x00000000 x14=0x00000007 x15=0x0000000e x16=0x00000000 x17=0x00000000 x18=0x00000000 x19=0x00000000 x20=0x00000000 x21=0x00000000 x22=0x00000000 x23=0x00000000 x24=0x00000000 x25=0x00000000 x26=0x00000000 x27=0x00000000 x28=0x00000000 x29=0x00000000 x30=0x00000000 x31=0x00000000 
0x1022e: lw	x15,-36(x8)
x0=0x00000000 x1=0x00000000 x2=0x2aaaab2aac20 x3=0x00000000 x4=0x00000000 x5=0x00000000 x6=0x00000000 x7=0x00000000 x8=0x2aaaab2aac60 x9=0x00000000 x10=0x00000000 x11=0x00000000 x12=0x00000000 x13=0x00000000 x14=0x00000007 x15=0x0000000e x16=0x00000000 x17=0x00000000 x18=0x00000000 x19=0x00000000 x20=0x00000000 x21=0x00000000 x22=0x00000000 x23=0x00000000 x24=0x00000000 x25=0x00000000 x26=0x00000000 x27=0x00000000 x28=0x00000000 x29=0x00000000 x30=0x00000000 x31=0x00000000 
0x10232: sext.w	x15,a5
x0=0x00000000 x1=0x00000000 x2=0x2aaaab2aac20 x3=0x00000000 x4=0x00000000 x5=0x00000000 x6=0x00000000 x7=0x00000000 x8=0x2aaaab2aac60 x9=0x00000000 x10=0x00000000 x11=0x00000000 x12=0x00000000 x13=0x00000000 x14=0x00000007 x15=0x0000000e x16=0x00000000 x17=0x00000000 x18=0x00000000 x19=0x00000000 x20=0x00000000 x21=0x00000000 x22=0x00000000 x23=0x00000000 x24=0x00000000 x25=0x00000000 x26=0x00000000 x27=0x00000000 x28=0x00000000 x29=0x00000000 x30=0x00000000 x31=0x00000000 
0x10234: sraiw	x15,x15,0x1
x0=0x00000000 x1=0x00000000 x2=0x2aaaab2aac20 x3=0x00000000 x4=0x00000000 x5=0x00000000 x6=0x00000000 x7=0x00000000 x8=0x2aaaab2aac60 x9=0x00000000 x10=0x00000000 x11=0x00000000 x12=0x00000000 x13=0x00000000 x14=0x00000007 x15=0x00000007 x16=0x00000000 x17=0x00000000 x18=0x00000000 x19=0x00000000 x20=0x00000000 x21=0x00000000 x22=0x00000000 x23=0x00000000 x24=0x00000000 x25=0x00000000 x26=0x00000000 x27=0x00000000 x28=0x00000000 x29=0x00000000 x30=0x00000000 x31=0x00000000 
0x10238: sext.w	x15,a5
x0=0x00000000 x1=0x00000000 x2=0x2aaaab2aac20 x3=0x00000000 x4=0x00000000 x5=0x00000000 x6=0x00000000 x7=0x00000000 x8=0x2aaaab2aac60 x9=0x00000000 x10=0x00000000 x11=0x00000000 x12=0x00000000 x13=0x00000000 x14=0x00000007 x15=0x00000007 x16=0x00000000 x17=0x00000000 x18=0x00000000 x19=0x00000000 x20=0x00000000 x21=0x00000000 x22=0x00000000 x23=0x00000000 x24=0x00000000 x25=0x00000000 x26=0x00000000 x27=0x00000000 x28=0x00000000 x29=0x00000000 x30=0x00000000 x31=0x00000000 
0x1023a: sw	x15,-40(x8)
x0=0x00000000 x1=0x00000000 x2=0x2aaaab2aac20 x3=0x00000000 x4=0x00000000 x5=0x00000000 x6=0x00000000 x7=0x00000000 x8=0x2aaaab2aac60 x9=0x00000000 x10=0x00000000 x11=0x00000000 x12=0x00000000 x13=0x00000000 x14=0x00000007 x15=0x00000007 x16=0x00000000 x17=0x00000000 x18=0x00000000 x19=0x00000000 x20=0x00000000 x21=0x00000000 x22=0x00000000 x23=0x00000000 x24=0x00000000 x25=0x00000000 x26=0x00000000 x27=0x00000000 x28=0x00000000 x29=0x00000000 x30=0x00000000 x31=0x00000000 
0x1023e: lw	x15,-36(x8)
x0=0x00000000 x1=0x00000000 x2=0x2aaaab2aac20 x3=0x00000000 x4=0x00000000 x5=0x00000000 x6=0x00000000 x7=0x00000000 x8=0x2aaaab2aac60 x9=0x00000000 x10=0x00000000 x11=0x00000000 x12=0x00000000 x13=0x00000000 x14=0x00000007 x15=0x0000000e x16=0x00000000 x17=0x00000000 x18=0x00000000 x19=0x00000000 x20=0x00000000 x21=0x00000000 x22=0x00000000 x23=0x00000000 x24=0x00000000 x25=0x00000000 x26=0x00000000 x27=0x00000000 x28=0x00000000 x29=0x00000000 x30=0x00000000 x31=0x00000000 
0x10242: sext.w	x14,a5
x0=0x00000000 x1=0x00000000 x2=0x2aaaab2aac20 x3=0x00000000 x4=0x00000000 x5=0x00000000 x6=0x00000000 x7=0x00000000 x8=0x2aaaab2aac60 x9=0x00000000 x10=0x00000000 x11=0x00000000 x12=0x00000000 x13=0x00000000 x14=0x0000000e x15=0x0000000e x16=0x00000000 x17=0x00000000 x18=0x00000000 x19=0x00000000 x20=0x00000000 x21=0x00000000 x22=0x00000000 x23=0x00000000 x24=0x00000000 x25=0x00000000 x26=0x00000000 x27=0x00000000 x28=0x00000000 x29=0x00000000 x30=0x00000000 x31=0x00000000 
0x10246: lw	x15,-32(x8)
x0=0x00000000 x1=0x00000000 x2=0x2aaaab2aac20 x3=0x00000000 x4=0x00000000 x5=0x00000000 x6=0x00000000 x7=0x00000000 x8=0x2aaaab2aac60 x9=0x00000000 x10=0x00000000 x11=0x00000000 x12=0x00000000 x13=0x00000000 x14=0x0000000e x15=0x00000004 x16=0x00000000 x17=0x00000000 x18=0x00000000 x19=0x00000000 x20=0x00000000 x21=0x00000000 x22=0x00000000 x23=0x00000000 x24=0x00000000 x25=0x00000000 x26=0x00000000 x27=0x00000000 x28=0x00000000 x29=0x00000000 x30=0x00000000 x31=0x00000000 
0x1024a: sext.w	x15,a5
x0=0x00000000 x1=0x00000000 x2=0x2aaaab2aac20 x3=0x00000000 x4=0x00000000 x5=0x00000000 x6=0x00000000 x7=0x00000000 x8=0x2aaaab2aac60 x9=0x00000000 x10=0x00000000 x11=0x00000000 x12=0x00000000 x13=0x00000000 x14=0x0000000e x15=0x00000004 x16=0x00000000 x17=0x00000000 x18=0x00000000 x19=0x00000000 x20=0x00000000 x21=0x00000000 x22=0x00000000 x23=0x00000000 x24=0x00000000 x25=0x00000000 x26=0x00000000 x27=0x00000000 x28=0x00000000 x29=0x00000000 x30=0x00000000 x31=0x00000000 
0x1024c: and	x15,x15,a4
x0=0x00000000 x1=0x00000000 x2=0x2aaaab2aac20 x3=0x00000000 x4=0x00000000 x5=0x00000000 x6=0x00000000 x7=0x00000000 x8=0x2aaaab2aac60 x9=0x00000000 x10=0x00000000 x11=0x00000000 x12=0x00000000 x13=0x00000000 x14=0x0000000e x15=0x00000004 x16=0x00000000 x17=0x00000000 x18=0x00000000 x19=0x00000000 x20=0x00000000 x21=0x00000000 x22=0x00000000 x23=0x00000000 x24=0x00000000 x25=0x00000000 x26=0x00000000 x27=0x00000000 x28=0x00000000 x29=0x00000000 x30=0x00000000 x31=0x00000000 
0x1024e: sext.w	x15,a5
x0=0x00000000 x1=0x00000000 x2=0x2aaaab2aac20 x3=0x00000000 x4=0x00000000 x5=0x00000000 x6=0x00000000 x7=0x00000000 x8=0x2aaaab2aac60 x9=0x00000000 x10=0x00000000 x11=0x00000000 x12=0x00000000 x13=0x00000000 x14=0x0000000e x15=0x00000004 x16=0x00000000 x17=0x00000000 x18=0x00000000 x19=0x00000000 x20=0x00000000 x21=0x00000000 x22=0x00000000 x23=0x00000000 x24=0x00000000 x25=0x00000000 x26=0x00000000 x27=0x00000000 x28=0x00000000 x29=0x00000000 x30=0x00000000 x31=0x00000000 
0x10250: sw	x15,-44(x8)
x0=0x00000000 x1=0x00000000 x2=0x2aaaab2aac20 x3=0x00000000 x4=0x00000000 x5=0x00000000 x6=0x00000000 x7=0x00000000 x8=0x2aaaab2aac60 x9=0x00000000 x10=0x00000000 x11=0x00000000 x12=0x00000000 x13=0x00000000 x14=0x0000000e x15=0x00000004 x16=0x00000000 x17=0x00000000 x18=0x00000000 x19=0x00000000 x20=0x00000000 x21=0x00000000 x22=0x00000000 x23=0x00000000 x24=0x00000000 x25=0x00000000 x26=0x00000000 x27=0x00000000 x28=0x00000000 x29=0x00000000 x30=0x00000000 x31=0x00000000 
0x10254: lw	x15,-44(x8)
x0=0x00000000 x1=0x00000000 x2=0x2aaaab2aac20 x3=0x00000000 x4=0x00000000 x5=0x00000000 x6=0x00000000 x7=0x00000000 x8=0x2aaaab2aac60 x9=0x00000000 x10=0x00000000 x11=0x00000000 x12=0x00000000 x13=0x00000000 x14=0x0000000e x15=0x00000004 x16=0x00000000 x17=0x00000000 x18=0x00000000 x19=0x00000000 x20=0x00000000 x21=0x00000000 x22=0x00000000 x23=0x00000000 x24=0x00000000 x25=0x00000000 x26=0x00000000 x27=0x00000000 x28=0x00000000 x29=0x00000000 x30=0x00000000 x31=0x00000000 
0x10258: sext.w	x14,a5
x0=0x00000000 x1=0x00000000 x2=0x2aaaab2aac20 x3=0x00000000 x4=0x00000000 x5=0x00000000 x6=0x00000000 x7=0x00000000 x8=0x2aaaab2aac60 x9=0x00000000 x10=0x00000000 x11=0x00000000 x12=0x00000000 x13=0x00000000 x14=0x00000004 x15=0x00000004 x16=0x00000000 x17=0x00000000 x18=0x00000000 x19=0x00000000 x20=0x00000000 x21=0x00000000 x22=0x00000000 x23=0x00000000 x24=0x00000000 x25=0x00000000 x26=0x00000000 x27=0x00000000 x28=0x00000000 x29=0x00000000 x30=0x00000000 x31=0x00000000 
0x1025c: lw	x15,-20(x8)
x0=0x00000000 x1=0x00000000 x2=0x2aaaab2aac20 x3=0x00000000 x4=0x00000000 x5=0x00000000 x6=0x00000000 x7=0x00000000 x8=0x2aaaab2aac60 x9=0x00000000 x10=0x00000000 x11=0x00000000 x12=0x00000000 x13=0x00000000 x14=0x00000004 x15=0x00000003 x16=0x00000000 x17=0x00000000 x18=0x00000000 x19=0x00000000 x20=0x00000000 x21=0x00000000 x22=0x00000000 x23=0x00000000 x24=0x00000000 x25=0x00000000 x26=0x00000000 x27=0x00000000 x28=0x00000000 x29=0x00000000 x30=0x00000000 x31=0x00000000 
0x10260: sext.w	x15,a5
x0=0x00000000 x1=0x00000000 x2=0x2aaaab2aac20 x3=0x00000000 x4=0x00000000 x5=0x00000000 x6=0x00000000 x7=0x00000000 x8=0x2aaaab2aac60 x9=0x00000000 x10=0x00000000 x11=0x00000000 x12=0x00000000 x13=0x00000000 x14=0x00000004 x15=0x00000003 x16=0x00000000 x17=0x00000000 x18=0x00000000 x19=0x00000000 x20=0x00000000 x21=0x00000000 x22=0x00000000 x23=0x00000000 x24=0x00000000 x25=0x00000000 x26=0x00000000 x27=0x00000000 x28=0x00000000 x29=0x00000000 x30=0x00000000 x31=0x00000000 
0x10262: or	x15,x15,a4
x0=0x00000000 x1=0x00000000 x2=0x2aaaab2aac20 x3=0x00000000 x4=0x00000000 x5=0x00000000 x6=0x00000000 x7=0x00000000 x8=0x2aaaab2aac60 x9=0x00000000 x10=0x00000000 x11=0x00000000 x12=0x00000000 x13=0x00000000 x14=0x00000004 x15=0x00000007 x16=0x00000000 x17=0x00000000 x18=0x00000000 x19=0x00000000 x20=0x00000000 x21=0x00000000 x22=0x00000000 x23=0x00000000 x24=0x00000000 x25=0x00000000 x26=0x00000000 x27=0x00000000 x28=0x00000000 x29=0x00000000 x30=0x00000000 x31=0x00000000 
0x10264: sext.w	x15,a5
x0=0x00000000 x1=0x00000000 x2=0x2aaaab2aac20 x3=0x00000000 x4=0x00000000 x5=0x00000000 x6=0x00000000 x7=0x00000000 x8=0x2aaaab2aac60 x9=0x00000000 x10=0x00000000 x11=0x00000000 x12=0x00000000 x13=0x00000000 x14=0x00000004 x15=0x00000007 x16=0x00000000 x17=0x00000000 x18=0x00000000 x19=0x00000000 x20=0x00000000 x21=0x00000000 x22=0x00000000 x23=0x00000000 x24=0x00000000 x25=0x00000000 x26=0x00000000 x27=0x00000000 x28=0x00000000 x29=0x00000000 x30=0x00000000 x31=0x00000000 
0x10266: sw	x15,-48(x8)
x0=0x00000000 x1=0x00000000 x2=0x2aaaab2aac20 x3=0x00000000 x4=0x00000000 x5=0x00000000 x6=0x00000000 x7=0x00000000 x8=0x2aaaab2aac60 x9=0x00000000 x10=0x00000000 x11=0x00000000 x12=0x00000000 x13=0x00000000 x14=0x00000004 x15=0x00000007 x16=0x00000000 x17=0x00000000 x18=0x00000000 x19=0x00000000 x20=0x00000000 x21=0x00000000 x22=0x00000000 x23=0x00000000 x24=0x00000000 x25=0x00000000 x26=0x00000000 x27=0x00000000 x28=0x00000000 x29=0x00000000 x30=0x00000000 x31=0x00000000 
0x1026a: lw	x15,-48(x8)
x0=0x00000000 x1=0x00000000 x2=0x2aaaab2aac20 x3=0x00000000 x4=0x00000000 x5=0x00000000 x6=0x00000000 x7=0x00000000 x8=0x2aaaab2aac60 x9=0x00000000 x10=0x00000000 x11=0x00000000 x12=0x00000000 x13=0x00000000 x14=0x00000004 x15=0x00000007 x16=0x00000000 x17=0x00000000 x18=0x00000000 x19=0x00000000 x20=0x00000000 x21=0x00000000 x22=0x00000000 x23=0x00000000 x24=0x00000000 x25=0x00000000 x26=0x00000000 x27=0x00000000 x28=0x00000000 x29=0x00000000 x30=0x00000000 x31=0x00000000 
0x1026e: sext.w	x14,a5
x0=0x00000000 x1=0x00000000 x2=0x2aaaab2aac20 x3=0x00000000 x4=0x00000000 x5=0x00000000 x6=0x00000000 x7=0x00000000 x8=0x2aaaab2aac60 x9=0x00000000 x10=0x00000000 x11=0x00000000 x12=0x00000000 x13=0x00000000 x14=0x00000007 x15=0x00000007 x16=0x00000000 x17=0x00000000 x18=0x00000000 x19=0x00000000 x20=0x00000000 x21=0x00000000 x22=0x00000000 x23=0x00000000 x24=0x00000000 x25=0x00000000 x26=0x00000000 x27=0x00000000 x28=0x00000000 x29=0x00000000 x30=0x00000000 x31=0x00000000 
0x10272: lw	x15,-40(x8)
x0=0x00000000 x1=0x00000000 x2=0x2aaaab2aac20 x3=0x00000000 x4=0x00000000 x5=0x00000000 x6=0x00000000 x7=0x00000000 x8=0x2aaaab2aac60 x9=0x00000000 x10=0x00000000 x11=0x00000000 x12=0x00000000 x13=0x00000000 x14=0x00000007 x15=0x00000007 x16=0x00000000 x17=0x00000000 x18=0x00000000 x19=0x00000000 x20=0x00000000 x21=0x00000000 x22=0x00000000 x23=0x00000000 x24=0x00000000 x25=0x00000000 x26=0x00000000 x27=0x00000000 x28=0x00000000 x29=0x00000000 x30=0x00000000 x31=0x00000000 
0x10276: sext.w	x15,a5
x0=0x00000000 x1=0x00000000 x2=0x2aaaab2aac20 x3=0x00000000 x4=0x00000000 x5=0x00000000 x6=0x00000000 x7=0x00000000 x8=0x2aaaab2aac60 x9=0x00000000 x10=0x00000000 x11=0x00000000 x12=0x00000000 x13=0x00000000 x14=0x00000007 x15=0x00000007 x16=0x00000000 x17=0x00000000 x18=0x00000000 x19=0x00000000 x20=0x00000000 x21=0x00000000 x22=0x00000000 x23=0x00000000 x24=0x00000000 x25=0x00000000 x26=0x00000000 x27=0x00000000 x28=0x00000000 x29=0x00000000 x30=0x00000000 x31=0x00000000 
0x10278: xor	x15,x15,a4
x0=0x00000000 x1=0x00000000 x2=0x2aaaab2aac20 x3=0x00000000 x4=0x00000000 x5=0x00000000 x6=0x00000000 x7=0x00000000 x8=0x2aaaab2aac60 x9=0x00000000 x10=0x00000000 x11=0x00000000 x12=0x00000000 x13=0x00000000 x14=0x00000007 x15=0x00000000 x16=0x00000000 x17=0x00000000 x18=0x00000000 x19=0x00000000 x20=0x00000000 x21=0x00000000 x22=0x00000000 x23=0x00000000 x24=0x00000000 x25=0x00000000 x26=0x00000000 x27=0x00000000 x28=0x00000000 x29=0x00000000 x30=0x00000000 x31=0x00000000 
0x1027a: sext.w	x15,a5
x0=0x00000000 x1=0x00000000 x2=0x2aaaab2aac20 x3=0x00000000 x4=0x00000000 x5=0x00000000 x6=0x00000000 x7=0x00000000 x8=0x2aaaab2aac60 x9=0x00000000 x10=0x00000000 x11=0x00000000 x12=0x00000000 x13=0x00000000 x14=0x00000007 x15=0x00000000 x16=0x00000000 x17=0x00000000 x18=0x00000000 x19=0x00000000 x20=0x00000000 x21=0x00000000 x22=0x00000000 x23=0x00000000 x24=0x00000000 x25=0x00000000 x26=0x00000000 x27=0x00000000 x28=0x00000000 x29=0x00000000 x30=0x00000000 x31=0x00000000 
0x1027c: sw	x15,-52(x8)
x0=0x00000000 x1=0x00000000 x2=0x2aaaab2aac20 x3=0x00000000 x4=0x00000000 x5=0x00000000 x6=0x00000000 x7=0x00000000 x8=0x2aaaab2aac60 x9=0x00000000 x10=0x00000000 x11=0x00000000 x12=0x00000000 x13=0x00000000 x14=0x00000007 x15=0x00000000 x16=0x00000000 x17=0x00000000 x18=0x00000000 x19=0x00000000 x20=0x00000000 x21=0x00000000 x22=0x00000000 x23=0x00000000 x24=0x00000000 x25=0x00000000 x26=0x00000000 x27=0x00000000 x28=0x00000000 x29=0x00000000 x30=0x00000000 x31=0x00000000 
0x10280: li	x15,0
x0=0x00000000 x1=0x00000000 x2=0x2aaaab2aac20 x3=0x00000000 x4=0x00000000 x5=0x00000000 x6=0x00000000 x7=0x00000000 x8=0x2aaaab2aac60 x9=0x00000000 x10=0x00000000 x11=0x00000000 x12=0x00000000 x13=0x00000000 x14=0x00000007 x15=0x00000000 x16=0x00000000 x17=0x00000000 x18=0x00000000 x19=0x00000000 x20=0x00000000 x21=0x00000000 x22=0x00000000 x23=0x00000000 x24=0x00000000 x25=0x00000000 x26=0x00000000 x27=0x00000000 x28=0x00000000 x29=0x00000000 x30=0x00000000 x31=0x00000000 
0x10282: mv	x10,a5
x0=0x00000000 x1=0x00000000 x2=0x2aaaab2aac20 x3=0x00000000 x4=0x00000000 x5=0x00000000 x6=0x00000000 x7=0x00000000 x8=0x2aaaab2aac60 x9=0x00000000 x10=0x00000000 x11=0x00000000 x12=0x00000000 x13=0x00000000 x14=0x00000007 x15=0x00000000 x16=0x00000000 x17=0x00000000 x18=0x00000000 x19=0x00000000 x20=0x00000000 x21=0x00000000 x22=0x00000000 x23=0x00000000 x24=0x00000000 x25=0x00000000 x26=0x00000000 x27=0x00000000 x28=0x00000000 x29=0x00000000 x30=0x00000000 x31=0x00000000 
0x10284: ld	x1,56(x2)
x0=0x00000000 x1=0x00000000 x2=0x2aaaab2aac20 x3=0x00000000 x4=0x00000000 x5=0x00000000 x6=0x00000000 x7=0x00000000 x8=0x2aaaab2aac60 x9=0x00000000 x10=0x00000000 x11=0x00000000 x12=0x00000000 x13=0x00000000 x14=0x00000007 x15=0x00000000 x16=0x00000000 x17=0x00000000 x18=0x00000000 x19=0x00000000 x20=0x00000000 x21=0x00000000 x22=0x00000000 x23=0x00000000 x24=0x00000000 x25=0x00000000 x26=0x00000000 x27=0x00000000 x28=0x00000000 x29=0x00000000 x30=0x00000000 x31=0x00000000 
0x10286: ld	x8,48(x2)
x0=0x00000000 x1=0x00000000 x2=0x2aaaab2aac20 x3=0x00000000 x4=0x00000000 x5=0x00000000 x6=0x00000000 x7=0x00000000 x8=0x00000000 x9=0x00000000 x10=0x00000000 x11=0x00000000 x12=0x00000000 x13=0x00000000 x14=0x00000007 x15=0x00000000 x16=0x00000000 x17=0x00000000 x18=0x00000000 x19=0x00000000 x20=0x00000000 x21=0x00000000 x22=0x00000000 x23=0x00000000 x24=0x00000000 x25=0x00000000 x26=0x00000000 x27=0x00000000 x28=0x00000000 x29=0x00000000 x30=0x00000000 x31=0x00000000 
0x10288: addi	x2,x2,64
x0=0x00000000 x1=0x00000000 x2=0x2aaaab2aac60 x3=0x00000000 x4=0x00000000 x5=0x00000000 x6=0x00000000 x7=0x00000000 x8=0x00000000 x9=0x00000000 x10=0x00000000 x11=0x00000000 x12=0x00000000 x13=0x00000000 x14=0x00000007 x15=0x00000000 x16=0x00000000 x17=0x00000000 x18=0x00000000 x19=0x00000000 x20=0x00000000 x21=0x00000000 x22=0x00000000 x23=0x00000000 x24=0x00000000 x25=0x00000000 x26=0x00000000 x27=0x00000000 x28=0x00000000 x29=0x00000000 x30=0x00000000 x31=0x00000000 
